2018-05-03T06:54:08+00:00 CRITICAL Uncaught Error: Call to undefined function customizer_library_get_default() in /Applications/MAMP/htdocs/wordpress/wp-content/themes/amorlibre/template-parts/footer/site-info.php:25
Stack trace:
#0 /Applications/MAMP/htdocs/wordpress/wp-includes/template.php(690): require()
#1 /Applications/MAMP/htdocs/wordpress/wp-includes/template.php(647): load_template('/Applications/M...', false)
#2 /Applications/MAMP/htdocs/wordpress/wp-includes/general-template.php(155): locate_template(Array, true, false)
#3 /Applications/MAMP/htdocs/wordpress/wp-content/themes/amorlibre/footer.php(34): get_template_part('template-parts/...', 'info')
#4 /Applications/MAMP/htdocs/wordpress/wp-includes/template.php(688): require_once('/Applications/M...')
#5 /Applications/MAMP/htdocs/wordpress/wp-includes/template.php(647): load_template('/Applications/M...', true)
#6 /Applications/MAMP/htdocs/wordpress/wp-includes/general-template.php(76): locate_template(Array, true)
#7 /Applications/MAMP/htdocs/wordpress/wp-content/themes/amorlibre/4

2018-05-03T06:54:19+00:00 CRITICAL Uncaught Error: Call to undefined function customizer_library_get_default() in /Applications/MAMP/htdocs/wordpress/wp-content/themes/amorlibre/template-parts/footer/site-info.php:25
Stack trace:
#0 /Applications/MAMP/htdocs/wordpress/wp-includes/template.php(690): require()
#1 /Applications/MAMP/htdocs/wordpress/wp-includes/template.php(647): load_template('/Applications/M...', false)
#2 /Applications/MAMP/htdocs/wordpress/wp-includes/general-template.php(155): locate_template(Array, true, false)
#3 /Applications/MAMP/htdocs/wordpress/wp-content/themes/amorlibre/footer.php(34): get_template_part('template-parts/...', 'info')
#4 /Applications/MAMP/htdocs/wordpress/wp-includes/template.php(688): require_once('/Applications/M...')
#5 /Applications/MAMP/htdocs/wordpress/wp-includes/template.php(647): load_template('/Applications/M...', true)
#6 /Applications/MAMP/htdocs/wordpress/wp-includes/general-template.php(76): locate_template(Array, true)
#7 /Applications/MAMP/htdocs/wordpress/wp-content/themes/amorlibre/p

2018-05-03T07:42:27+00:00 CRITICAL Uncaught Error: Call to undefined function customizer_library_get_default() in /Applications/MAMP/htdocs/wordpress/wp-content/themes/amorlibre/template-parts/footer/site-info.php:25
Stack trace:
#0 /Applications/MAMP/htdocs/wordpress/wp-includes/template.php(690): require()
#1 /Applications/MAMP/htdocs/wordpress/wp-includes/template.php(647): load_template('/Applications/M...', false)
#2 /Applications/MAMP/htdocs/wordpress/wp-includes/general-template.php(155): locate_template(Array, true, false)
#3 /Applications/MAMP/htdocs/wordpress/wp-content/themes/amorlibre/footer.php(34): get_template_part('template-parts/...', 'info')
#4 /Applications/MAMP/htdocs/wordpress/wp-includes/template.php(688): require_once('/Applications/M...')
#5 /Applications/MAMP/htdocs/wordpress/wp-includes/template.php(647): load_template('/Applications/M...', true)
#6 /Applications/MAMP/htdocs/wordpress/wp-includes/general-template.php(76): locate_template(Array, true)
#7 /Applications/MAMP/htdocs/wordpress/wp-content/themes/amorlibre/p

2018-05-03T07:42:33+00:00 CRITICAL Uncaught Error: Call to undefined function customizer_library_get_default() in /Applications/MAMP/htdocs/wordpress/wp-content/themes/amorlibre/template-parts/footer/site-info.php:25
Stack trace:
#0 /Applications/MAMP/htdocs/wordpress/wp-includes/template.php(690): require()
#1 /Applications/MAMP/htdocs/wordpress/wp-includes/template.php(647): load_template('/Applications/M...', false)
#2 /Applications/MAMP/htdocs/wordpress/wp-includes/general-template.php(155): locate_template(Array, true, false)
#3 /Applications/MAMP/htdocs/wordpress/wp-content/themes/amorlibre/footer.php(34): get_template_part('template-parts/...', 'info')
#4 /Applications/MAMP/htdocs/wordpress/wp-includes/template.php(688): require_once('/Applications/M...')
#5 /Applications/MAMP/htdocs/wordpress/wp-includes/template.php(647): load_template('/Applications/M...', true)
#6 /Applications/MAMP/htdocs/wordpress/wp-includes/general-template.php(76): locate_template(Array, true)
#7 /Applications/MAMP/htdocs/wordpress/wp-content/themes/amorlibre/p

2018-05-03T07:50:40+00:00 CRITICAL Uncaught Error: Call to undefined function customizer_library_get_default() in /Applications/MAMP/htdocs/wordpress/wp-content/themes/amorlibre/template-parts/footer/site-info.php:25
Stack trace:
#0 /Applications/MAMP/htdocs/wordpress/wp-includes/template.php(690): require()
#1 /Applications/MAMP/htdocs/wordpress/wp-includes/template.php(647): load_template('/Applications/M...', false)
#2 /Applications/MAMP/htdocs/wordpress/wp-includes/general-template.php(155): locate_template(Array, true, false)
#3 /Applications/MAMP/htdocs/wordpress/wp-content/themes/amorlibre/footer.php(34): get_template_part('template-parts/...', 'info')
#4 /Applications/MAMP/htdocs/wordpress/wp-includes/template.php(688): require_once('/Applications/M...')
#5 /Applications/MAMP/htdocs/wordpress/wp-includes/template.php(647): load_template('/Applications/M...', true)
#6 /Applications/MAMP/htdocs/wordpress/wp-includes/general-template.php(76): locate_template(Array, true)
#7 /Applications/MAMP/htdocs/wordpress/wp-content/themes/amorlibre/p

2018-05-03T07:53:58+00:00 CRITICAL Uncaught Error: Call to undefined function customizer_library_get_default() in /Applications/MAMP/htdocs/wordpress/wp-content/themes/amorlibre/template-parts/footer/site-info.php:25
Stack trace:
#0 /Applications/MAMP/htdocs/wordpress/wp-includes/template.php(690): require()
#1 /Applications/MAMP/htdocs/wordpress/wp-includes/template.php(647): load_template('/Applications/M...', false)
#2 /Applications/MAMP/htdocs/wordpress/wp-includes/general-template.php(155): locate_template(Array, true, false)
#3 /Applications/MAMP/htdocs/wordpress/wp-content/themes/amorlibre/footer.php(34): get_template_part('template-parts/...', 'info')
#4 /Applications/MAMP/htdocs/wordpress/wp-includes/template.php(688): require_once('/Applications/M...')
#5 /Applications/MAMP/htdocs/wordpress/wp-includes/template.php(647): load_template('/Applications/M...', true)
#6 /Applications/MAMP/htdocs/wordpress/wp-includes/general-template.php(76): locate_template(Array, true)
#7 /Applications/MAMP/htdocs/wordpress/wp-content/themes/amorlibre/p

2018-05-03T07:54:17+00:00 CRITICAL Uncaught Error: Call to undefined function customizer_library_get_default() in /Applications/MAMP/htdocs/wordpress/wp-content/themes/amorlibre/template-parts/footer/site-info.php:25
Stack trace:
#0 /Applications/MAMP/htdocs/wordpress/wp-includes/template.php(690): require()
#1 /Applications/MAMP/htdocs/wordpress/wp-includes/template.php(647): load_template('/Applications/M...', false)
#2 /Applications/MAMP/htdocs/wordpress/wp-includes/general-template.php(155): locate_template(Array, true, false)
#3 /Applications/MAMP/htdocs/wordpress/wp-content/themes/amorlibre/footer.php(34): get_template_part('template-parts/...', 'info')
#4 /Applications/MAMP/htdocs/wordpress/wp-includes/template.php(688): require_once('/Applications/M...')
#5 /Applications/MAMP/htdocs/wordpress/wp-includes/template.php(647): load_template('/Applications/M...', true)
#6 /Applications/MAMP/htdocs/wordpress/wp-includes/general-template.php(76): locate_template(Array, true)
#7 /Applications/MAMP/htdocs/wordpress/wp-content/themes/amorlibre/p

2018-05-03T07:54:31+00:00 CRITICAL Uncaught Error: Call to undefined function customizer_library_get_default() in /Applications/MAMP/htdocs/wordpress/wp-content/themes/amorlibre/template-parts/footer/site-info.php:25
Stack trace:
#0 /Applications/MAMP/htdocs/wordpress/wp-includes/template.php(690): require()
#1 /Applications/MAMP/htdocs/wordpress/wp-includes/template.php(647): load_template('/Applications/M...', false)
#2 /Applications/MAMP/htdocs/wordpress/wp-includes/general-template.php(155): locate_template(Array, true, false)
#3 /Applications/MAMP/htdocs/wordpress/wp-content/themes/amorlibre/footer.php(34): get_template_part('template-parts/...', 'info')
#4 /Applications/MAMP/htdocs/wordpress/wp-includes/template.php(688): require_once('/Applications/M...')
#5 /Applications/MAMP/htdocs/wordpress/wp-includes/template.php(647): load_template('/Applications/M...', true)
#6 /Applications/MAMP/htdocs/wordpress/wp-includes/general-template.php(76): locate_template(Array, true)
#7 /Applications/MAMP/htdocs/wordpress/wp-content/themes/amorlibre/p

2018-05-03T08:00:26+00:00 CRITICAL Uncaught Error: Call to undefined function customizer_library_get_default() in /Applications/MAMP/htdocs/wordpress/wp-content/themes/amorlibre/template-parts/footer/site-info.php:25
Stack trace:
#0 /Applications/MAMP/htdocs/wordpress/wp-includes/template.php(690): require()
#1 /Applications/MAMP/htdocs/wordpress/wp-includes/template.php(647): load_template('/Applications/M...', false)
#2 /Applications/MAMP/htdocs/wordpress/wp-includes/general-template.php(155): locate_template(Array, true, false)
#3 /Applications/MAMP/htdocs/wordpress/wp-content/themes/amorlibre/footer.php(34): get_template_part('template-parts/...', 'info')
#4 /Applications/MAMP/htdocs/wordpress/wp-includes/template.php(688): require_once('/Applications/M...')
#5 /Applications/MAMP/htdocs/wordpress/wp-includes/template.php(647): load_template('/Applications/M...', true)
#6 /Applications/MAMP/htdocs/wordpress/wp-includes/general-template.php(76): locate_template(Array, true)
#7 /Applications/MAMP/htdocs/wordpress/wp-content/themes/amorlibre/p

2018-05-03T08:07:13+00:00 CRITICAL Uncaught Error: Call to undefined function customizer_library_get_default() in /Applications/MAMP/htdocs/wordpress/wp-content/themes/amorlibre/template-parts/footer/site-info.php:25
Stack trace:
#0 /Applications/MAMP/htdocs/wordpress/wp-includes/template.php(690): require()
#1 /Applications/MAMP/htdocs/wordpress/wp-includes/template.php(647): load_template('/Applications/M...', false)
#2 /Applications/MAMP/htdocs/wordpress/wp-includes/general-template.php(155): locate_template(Array, true, false)
#3 /Applications/MAMP/htdocs/wordpress/wp-content/themes/amorlibre/footer.php(34): get_template_part('template-parts/...', 'info')
#4 /Applications/MAMP/htdocs/wordpress/wp-includes/template.php(688): require_once('/Applications/M...')
#5 /Applications/MAMP/htdocs/wordpress/wp-includes/template.php(647): load_template('/Applications/M...', true)
#6 /Applications/MAMP/htdocs/wordpress/wp-includes/general-template.php(76): locate_template(Array, true)
#7 /Applications/MAMP/htdocs/wordpress/wp-content/themes/amorlibre/p

2018-05-03T08:07:43+00:00 CRITICAL Uncaught Error: Call to undefined function customizer_library_get_default() in /Applications/MAMP/htdocs/wordpress/wp-content/themes/amorlibre/template-parts/footer/site-info.php:25
Stack trace:
#0 /Applications/MAMP/htdocs/wordpress/wp-includes/template.php(690): require()
#1 /Applications/MAMP/htdocs/wordpress/wp-includes/template.php(647): load_template('/Applications/M...', false)
#2 /Applications/MAMP/htdocs/wordpress/wp-includes/general-template.php(155): locate_template(Array, true, false)
#3 /Applications/MAMP/htdocs/wordpress/wp-content/themes/amorlibre/footer.php(34): get_template_part('template-parts/...', 'info')
#4 /Applications/MAMP/htdocs/wordpress/wp-includes/template.php(688): require_once('/Applications/M...')
#5 /Applications/MAMP/htdocs/wordpress/wp-includes/template.php(647): load_template('/Applications/M...', true)
#6 /Applications/MAMP/htdocs/wordpress/wp-includes/general-template.php(76): locate_template(Array, true)
#7 /Applications/MAMP/htdocs/wordpress/wp-content/themes/amorlibre/p

2018-05-03T08:10:59+00:00 CRITICAL Uncaught Error: Call to undefined function customizer_library_get_default() in /Applications/MAMP/htdocs/wordpress/wp-content/themes/amorlibre/template-parts/footer/site-info.php:25
Stack trace:
#0 /Applications/MAMP/htdocs/wordpress/wp-includes/template.php(690): require()
#1 /Applications/MAMP/htdocs/wordpress/wp-includes/template.php(647): load_template('/Applications/M...', false)
#2 /Applications/MAMP/htdocs/wordpress/wp-includes/general-template.php(155): locate_template(Array, true, false)
#3 /Applications/MAMP/htdocs/wordpress/wp-content/themes/amorlibre/footer.php(34): get_template_part('template-parts/...', 'info')
#4 /Applications/MAMP/htdocs/wordpress/wp-includes/template.php(688): require_once('/Applications/M...')
#5 /Applications/MAMP/htdocs/wordpress/wp-includes/template.php(647): load_template('/Applications/M...', true)
#6 /Applications/MAMP/htdocs/wordpress/wp-includes/general-template.php(76): locate_template(Array, true)
#7 /Applications/MAMP/htdocs/wordpress/wp-content/themes/amorlibre/p

2018-05-03T08:11:19+00:00 CRITICAL Uncaught Error: Call to undefined function customizer_library_get_default() in /Applications/MAMP/htdocs/wordpress/wp-content/themes/amorlibre/template-parts/footer/site-info.php:25
Stack trace:
#0 /Applications/MAMP/htdocs/wordpress/wp-includes/template.php(690): require()
#1 /Applications/MAMP/htdocs/wordpress/wp-includes/template.php(647): load_template('/Applications/M...', false)
#2 /Applications/MAMP/htdocs/wordpress/wp-includes/general-template.php(155): locate_template(Array, true, false)
#3 /Applications/MAMP/htdocs/wordpress/wp-content/themes/amorlibre/footer.php(34): get_template_part('template-parts/...', 'info')
#4 /Applications/MAMP/htdocs/wordpress/wp-includes/template.php(688): require_once('/Applications/M...')
#5 /Applications/MAMP/htdocs/wordpress/wp-includes/template.php(647): load_template('/Applications/M...', true)
#6 /Applications/MAMP/htdocs/wordpress/wp-includes/general-template.php(76): locate_template(Array, true)
#7 /Applications/MAMP/htdocs/wordpress/wp-content/themes/amorlibre/p

2018-05-03T08:11:26+00:00 CRITICAL Uncaught Error: Call to undefined function customizer_library_get_default() in /Applications/MAMP/htdocs/wordpress/wp-content/themes/amorlibre/template-parts/footer/site-info.php:25
Stack trace:
#0 /Applications/MAMP/htdocs/wordpress/wp-includes/template.php(690): require()
#1 /Applications/MAMP/htdocs/wordpress/wp-includes/template.php(647): load_template('/Applications/M...', false)
#2 /Applications/MAMP/htdocs/wordpress/wp-includes/general-template.php(155): locate_template(Array, true, false)
#3 /Applications/MAMP/htdocs/wordpress/wp-content/themes/amorlibre/footer.php(34): get_template_part('template-parts/...', 'info')
#4 /Applications/MAMP/htdocs/wordpress/wp-includes/template.php(688): require_once('/Applications/M...')
#5 /Applications/MAMP/htdocs/wordpress/wp-includes/template.php(647): load_template('/Applications/M...', true)
#6 /Applications/MAMP/htdocs/wordpress/wp-includes/general-template.php(76): locate_template(Array, true)
#7 /Applications/MAMP/htdocs/wordpress/wp-content/themes/amorlibre/p

2018-05-03T08:12:05+00:00 CRITICAL Uncaught Error: Call to undefined function customizer_library_get_default() in /Applications/MAMP/htdocs/wordpress/wp-content/themes/amorlibre/template-parts/footer/site-info.php:25
Stack trace:
#0 /Applications/MAMP/htdocs/wordpress/wp-includes/template.php(690): require()
#1 /Applications/MAMP/htdocs/wordpress/wp-includes/template.php(647): load_template('/Applications/M...', false)
#2 /Applications/MAMP/htdocs/wordpress/wp-includes/general-template.php(155): locate_template(Array, true, false)
#3 /Applications/MAMP/htdocs/wordpress/wp-content/themes/amorlibre/footer.php(34): get_template_part('template-parts/...', 'info')
#4 /Applications/MAMP/htdocs/wordpress/wp-includes/template.php(688): require_once('/Applications/M...')
#5 /Applications/MAMP/htdocs/wordpress/wp-includes/template.php(647): load_template('/Applications/M...', true)
#6 /Applications/MAMP/htdocs/wordpress/wp-includes/general-template.php(76): locate_template(Array, true)
#7 /Applications/MAMP/htdocs/wordpress/wp-content/themes/amorlibre/p

2018-05-03T08:13:18+00:00 CRITICAL Uncaught Error: Call to undefined function customizer_library_get_default() in /Applications/MAMP/htdocs/wordpress/wp-content/themes/amorlibre/template-parts/footer/site-info.php:25
Stack trace:
#0 /Applications/MAMP/htdocs/wordpress/wp-includes/template.php(690): require()
#1 /Applications/MAMP/htdocs/wordpress/wp-includes/template.php(647): load_template('/Applications/M...', false)
#2 /Applications/MAMP/htdocs/wordpress/wp-includes/general-template.php(155): locate_template(Array, true, false)
#3 /Applications/MAMP/htdocs/wordpress/wp-content/themes/amorlibre/footer.php(34): get_template_part('template-parts/...', 'info')
#4 /Applications/MAMP/htdocs/wordpress/wp-includes/template.php(688): require_once('/Applications/M...')
#5 /Applications/MAMP/htdocs/wordpress/wp-includes/template.php(647): load_template('/Applications/M...', true)
#6 /Applications/MAMP/htdocs/wordpress/wp-includes/general-template.php(76): locate_template(Array, true)
#7 /Applications/MAMP/htdocs/wordpress/wp-content/themes/amorlibre/p

2018-05-03T08:13:38+00:00 CRITICAL Uncaught Error: Call to undefined function customizer_library_get_default() in /Applications/MAMP/htdocs/wordpress/wp-content/themes/amorlibre/template-parts/footer/site-info.php:25
Stack trace:
#0 /Applications/MAMP/htdocs/wordpress/wp-includes/template.php(690): require()
#1 /Applications/MAMP/htdocs/wordpress/wp-includes/template.php(647): load_template('/Applications/M...', false)
#2 /Applications/MAMP/htdocs/wordpress/wp-includes/general-template.php(155): locate_template(Array, true, false)
#3 /Applications/MAMP/htdocs/wordpress/wp-content/themes/amorlibre/footer.php(34): get_template_part('template-parts/...', 'info')
#4 /Applications/MAMP/htdocs/wordpress/wp-includes/template.php(688): require_once('/Applications/M...')
#5 /Applications/MAMP/htdocs/wordpress/wp-includes/template.php(647): load_template('/Applications/M...', true)
#6 /Applications/MAMP/htdocs/wordpress/wp-includes/general-template.php(76): locate_template(Array, true)
#7 /Applications/MAMP/htdocs/wordpress/wp-content/themes/amorlibre/p

2018-05-03T08:13:47+00:00 CRITICAL Uncaught Error: Call to undefined function customizer_library_get_default() in /Applications/MAMP/htdocs/wordpress/wp-content/themes/amorlibre/template-parts/footer/site-info.php:25
Stack trace:
#0 /Applications/MAMP/htdocs/wordpress/wp-includes/template.php(690): require()
#1 /Applications/MAMP/htdocs/wordpress/wp-includes/template.php(647): load_template('/Applications/M...', false)
#2 /Applications/MAMP/htdocs/wordpress/wp-includes/general-template.php(155): locate_template(Array, true, false)
#3 /Applications/MAMP/htdocs/wordpress/wp-content/themes/amorlibre/footer.php(34): get_template_part('template-parts/...', 'info')
#4 /Applications/MAMP/htdocs/wordpress/wp-includes/template.php(688): require_once('/Applications/M...')
#5 /Applications/MAMP/htdocs/wordpress/wp-includes/template.php(647): load_template('/Applications/M...', true)
#6 /Applications/MAMP/htdocs/wordpress/wp-includes/general-template.php(76): locate_template(Array, true)
#7 /Applications/MAMP/htdocs/wordpress/wp-content/themes/amorlibre/p

2018-05-03T08:14:21+00:00 CRITICAL Uncaught Error: Call to undefined function customizer_library_get_default() in /Applications/MAMP/htdocs/wordpress/wp-content/themes/amorlibre/template-parts/footer/site-info.php:25
Stack trace:
#0 /Applications/MAMP/htdocs/wordpress/wp-includes/template.php(690): require()
#1 /Applications/MAMP/htdocs/wordpress/wp-includes/template.php(647): load_template('/Applications/M...', false)
#2 /Applications/MAMP/htdocs/wordpress/wp-includes/general-template.php(155): locate_template(Array, true, false)
#3 /Applications/MAMP/htdocs/wordpress/wp-content/themes/amorlibre/footer.php(34): get_template_part('template-parts/...', 'info')
#4 /Applications/MAMP/htdocs/wordpress/wp-includes/template.php(688): require_once('/Applications/M...')
#5 /Applications/MAMP/htdocs/wordpress/wp-includes/template.php(647): load_template('/Applications/M...', true)
#6 /Applications/MAMP/htdocs/wordpress/wp-includes/general-template.php(76): locate_template(Array, true)
#7 /Applications/MAMP/htdocs/wordpress/wp-content/themes/amorlibre/p

2018-05-03T08:15:18+00:00 CRITICAL Uncaught Error: Call to undefined function customizer_library_get_default() in /Applications/MAMP/htdocs/wordpress/wp-content/themes/amorlibre/template-parts/footer/site-info.php:25
Stack trace:
#0 /Applications/MAMP/htdocs/wordpress/wp-includes/template.php(690): require()
#1 /Applications/MAMP/htdocs/wordpress/wp-includes/template.php(647): load_template('/Applications/M...', false)
#2 /Applications/MAMP/htdocs/wordpress/wp-includes/general-template.php(155): locate_template(Array, true, false)
#3 /Applications/MAMP/htdocs/wordpress/wp-content/themes/amorlibre/footer.php(34): get_template_part('template-parts/...', 'info')
#4 /Applications/MAMP/htdocs/wordpress/wp-includes/template.php(688): require_once('/Applications/M...')
#5 /Applications/MAMP/htdocs/wordpress/wp-includes/template.php(647): load_template('/Applications/M...', true)
#6 /Applications/MAMP/htdocs/wordpress/wp-includes/general-template.php(76): locate_template(Array, true)
#7 /Applications/MAMP/htdocs/wordpress/wp-content/themes/amorlibre/p

2018-05-03T09:15:22+00:00 CRITICAL Uncaught Error: Call to undefined function e() in /Applications/MAMP/htdocs/wordpress/wp-content/themes/amorlibre/template-parts/footer/site-info.php:13
Stack trace:
#0 /Applications/MAMP/htdocs/wordpress/wp-includes/template.php(690): require()
#1 /Applications/MAMP/htdocs/wordpress/wp-includes/template.php(647): load_template('/Applications/M...', false)
#2 /Applications/MAMP/htdocs/wordpress/wp-includes/general-template.php(155): locate_template(Array, true, false)
#3 /Applications/MAMP/htdocs/wordpress/wp-content/themes/amorlibre/footer.php(34): get_template_part('template-parts/...', 'info')
#4 /Applications/MAMP/htdocs/wordpress/wp-includes/template.php(688): require_once('/Applications/M...')
#5 /Applications/MAMP/htdocs/wordpress/wp-includes/template.php(647): load_template('/Applications/M...', true)
#6 /Applications/MAMP/htdocs/wordpress/wp-includes/general-template.php(76): locate_template(Array, true)
#7 /Applications/MAMP/htdocs/wordpress/wp-content/themes/amorlibre/page.php(61): get_footer()
#8 

2018-05-03T21:02:31+00:00 CRITICAL Uncaught Error: Call to undefined function amorlibre_get_svg() in /Applications/MAMP/htdocs/wordpress/wp-content/themes/amorlibre/index.php:63
Stack trace:
#0 /Applications/MAMP/htdocs/wordpress/wp-includes/template-loader.php(74): include()
#1 /Applications/MAMP/htdocs/wordpress/wp-blog-header.php(19): require_once('/Applications/M...')
#2 /Applications/MAMP/htdocs/wordpress/index.php(17): require('/Applications/M...')
#3 {main}
  thrown

2018-05-04T08:46:41+00:00 CRITICAL Uncaught Error: Call to undefined function twentyseventeen_is_frontpage() in /Applications/MAMP/htdocs/wordpress/wp-content/themes/amorlibre/template-parts/page/content-title.php:14
Stack trace:
#0 /Applications/MAMP/htdocs/wordpress/wp-includes/template.php(690): require()
#1 /Applications/MAMP/htdocs/wordpress/wp-includes/template.php(647): load_template('/Applications/M...', false)
#2 /Applications/MAMP/htdocs/wordpress/wp-includes/general-template.php(155): locate_template(Array, true, false)
#3 /Applications/MAMP/htdocs/wordpress/wp-content/themes/amorlibre/header.php(28): get_template_part('template-parts/...', 'title')
#4 /Applications/MAMP/htdocs/wordpress/wp-includes/template.php(688): require_once('/Applications/M...')
#5 /Applications/MAMP/htdocs/wordpress/wp-includes/template.php(647): load_template('/Applications/M...', true)
#6 /Applications/MAMP/htdocs/wordpress/wp-includes/general-template.php(41): locate_template(Array, true)
#7 /Applications/MAMP/htdocs/wordpress/wp-content/themes/amorlibre/

2018-05-04T08:46:48+00:00 CRITICAL Uncaught Error: Call to undefined function twentyseventeen_is_frontpage() in /Applications/MAMP/htdocs/wordpress/wp-content/themes/amorlibre/template-parts/page/content-title.php:14
Stack trace:
#0 /Applications/MAMP/htdocs/wordpress/wp-includes/template.php(690): require()
#1 /Applications/MAMP/htdocs/wordpress/wp-includes/template.php(647): load_template('/Applications/M...', false)
#2 /Applications/MAMP/htdocs/wordpress/wp-includes/general-template.php(155): locate_template(Array, true, false)
#3 /Applications/MAMP/htdocs/wordpress/wp-content/themes/amorlibre/header.php(28): get_template_part('template-parts/...', 'title')
#4 /Applications/MAMP/htdocs/wordpress/wp-includes/template.php(688): require_once('/Applications/M...')
#5 /Applications/MAMP/htdocs/wordpress/wp-includes/template.php(647): load_template('/Applications/M...', true)
#6 /Applications/MAMP/htdocs/wordpress/wp-includes/general-template.php(41): locate_template(Array, true)
#7 /Applications/MAMP/htdocs/wordpress/wp-content/themes/amorlibre/

2018-05-04T08:46:49+00:00 CRITICAL Uncaught Error: Call to undefined function twentyseventeen_is_frontpage() in /Applications/MAMP/htdocs/wordpress/wp-content/themes/amorlibre/template-parts/page/content-title.php:14
Stack trace:
#0 /Applications/MAMP/htdocs/wordpress/wp-includes/template.php(690): require()
#1 /Applications/MAMP/htdocs/wordpress/wp-includes/template.php(647): load_template('/Applications/M...', false)
#2 /Applications/MAMP/htdocs/wordpress/wp-includes/general-template.php(155): locate_template(Array, true, false)
#3 /Applications/MAMP/htdocs/wordpress/wp-content/themes/amorlibre/header.php(28): get_template_part('template-parts/...', 'title')
#4 /Applications/MAMP/htdocs/wordpress/wp-includes/template.php(688): require_once('/Applications/M...')
#5 /Applications/MAMP/htdocs/wordpress/wp-includes/template.php(647): load_template('/Applications/M...', true)
#6 /Applications/MAMP/htdocs/wordpress/wp-includes/general-template.php(41): locate_template(Array, true)
#7 /Applications/MAMP/htdocs/wordpress/wp-content/themes/amorlibre/

2018-05-04T08:47:08+00:00 CRITICAL Uncaught Error: Call to undefined function is_frontpage() in /Applications/MAMP/htdocs/wordpress/wp-content/themes/amorlibre/template-parts/page/content-title.php:14
Stack trace:
#0 /Applications/MAMP/htdocs/wordpress/wp-includes/template.php(690): require()
#1 /Applications/MAMP/htdocs/wordpress/wp-includes/template.php(647): load_template('/Applications/M...', false)
#2 /Applications/MAMP/htdocs/wordpress/wp-includes/general-template.php(155): locate_template(Array, true, false)
#3 /Applications/MAMP/htdocs/wordpress/wp-content/themes/amorlibre/header.php(28): get_template_part('template-parts/...', 'title')
#4 /Applications/MAMP/htdocs/wordpress/wp-includes/template.php(688): require_once('/Applications/M...')
#5 /Applications/MAMP/htdocs/wordpress/wp-includes/template.php(647): load_template('/Applications/M...', true)
#6 /Applications/MAMP/htdocs/wordpress/wp-includes/general-template.php(41): locate_template(Array, true)
#7 /Applications/MAMP/htdocs/wordpress/wp-content/themes/amorlibre/page.php(8): get

2018-05-04T08:47:09+00:00 CRITICAL Uncaught Error: Call to undefined function is_frontpage() in /Applications/MAMP/htdocs/wordpress/wp-content/themes/amorlibre/template-parts/page/content-title.php:14
Stack trace:
#0 /Applications/MAMP/htdocs/wordpress/wp-includes/template.php(690): require()
#1 /Applications/MAMP/htdocs/wordpress/wp-includes/template.php(647): load_template('/Applications/M...', false)
#2 /Applications/MAMP/htdocs/wordpress/wp-includes/general-template.php(155): locate_template(Array, true, false)
#3 /Applications/MAMP/htdocs/wordpress/wp-content/themes/amorlibre/header.php(28): get_template_part('template-parts/...', 'title')
#4 /Applications/MAMP/htdocs/wordpress/wp-includes/template.php(688): require_once('/Applications/M...')
#5 /Applications/MAMP/htdocs/wordpress/wp-includes/template.php(647): load_template('/Applications/M...', true)
#6 /Applications/MAMP/htdocs/wordpress/wp-includes/general-template.php(41): locate_template(Array, true)
#7 /Applications/MAMP/htdocs/wordpress/wp-content/themes/amorlibre/404.php(11): get

2018-05-04T08:47:15+00:00 CRITICAL Uncaught Error: Call to undefined function is_frontpage() in /Applications/MAMP/htdocs/wordpress/wp-content/themes/amorlibre/template-parts/page/content-title.php:14
Stack trace:
#0 /Applications/MAMP/htdocs/wordpress/wp-includes/template.php(690): require()
#1 /Applications/MAMP/htdocs/wordpress/wp-includes/template.php(647): load_template('/Applications/M...', false)
#2 /Applications/MAMP/htdocs/wordpress/wp-includes/general-template.php(155): locate_template(Array, true, false)
#3 /Applications/MAMP/htdocs/wordpress/wp-content/themes/amorlibre/header.php(28): get_template_part('template-parts/...', 'title')
#4 /Applications/MAMP/htdocs/wordpress/wp-includes/template.php(688): require_once('/Applications/M...')
#5 /Applications/MAMP/htdocs/wordpress/wp-includes/template.php(647): load_template('/Applications/M...', true)
#6 /Applications/MAMP/htdocs/wordpress/wp-includes/general-template.php(41): locate_template(Array, true)
#7 /Applications/MAMP/htdocs/wordpress/wp-content/themes/amorlibre/404.php(11): get

2018-05-04T08:47:29+00:00 CRITICAL Uncaught Error: Call to undefined function is_frontpage() in /Applications/MAMP/htdocs/wordpress/wp-content/themes/amorlibre/template-parts/page/content-title.php:14
Stack trace:
#0 /Applications/MAMP/htdocs/wordpress/wp-includes/template.php(690): require()
#1 /Applications/MAMP/htdocs/wordpress/wp-includes/template.php(647): load_template('/Applications/M...', false)
#2 /Applications/MAMP/htdocs/wordpress/wp-includes/general-template.php(155): locate_template(Array, true, false)
#3 /Applications/MAMP/htdocs/wordpress/wp-content/themes/amorlibre/header.php(28): get_template_part('template-parts/...', 'title')
#4 /Applications/MAMP/htdocs/wordpress/wp-includes/template.php(688): require_once('/Applications/M...')
#5 /Applications/MAMP/htdocs/wordpress/wp-includes/template.php(647): load_template('/Applications/M...', true)
#6 /Applications/MAMP/htdocs/wordpress/wp-includes/general-template.php(41): locate_template(Array, true)
#7 /Applications/MAMP/htdocs/wordpress/wp-content/themes/amorlibre/404.php(11): get

2018-05-04T08:47:38+00:00 CRITICAL Uncaught Error: Call to undefined function is_frontpage() in /Applications/MAMP/htdocs/wordpress/wp-content/themes/amorlibre/template-parts/page/content-title.php:14
Stack trace:
#0 /Applications/MAMP/htdocs/wordpress/wp-includes/template.php(690): require()
#1 /Applications/MAMP/htdocs/wordpress/wp-includes/template.php(647): load_template('/Applications/M...', false)
#2 /Applications/MAMP/htdocs/wordpress/wp-includes/general-template.php(155): locate_template(Array, true, false)
#3 /Applications/MAMP/htdocs/wordpress/wp-content/themes/amorlibre/header.php(28): get_template_part('template-parts/...', 'title')
#4 /Applications/MAMP/htdocs/wordpress/wp-includes/template.php(688): require_once('/Applications/M...')
#5 /Applications/MAMP/htdocs/wordpress/wp-includes/template.php(647): load_template('/Applications/M...', true)
#6 /Applications/MAMP/htdocs/wordpress/wp-includes/general-template.php(41): locate_template(Array, true)
#7 /Applications/MAMP/htdocs/wordpress/wp-content/themes/amorlibre/404.php(11): get

2018-05-04T08:47:39+00:00 CRITICAL Uncaught Error: Call to undefined function is_frontpage() in /Applications/MAMP/htdocs/wordpress/wp-content/themes/amorlibre/template-parts/page/content-title.php:14
Stack trace:
#0 /Applications/MAMP/htdocs/wordpress/wp-includes/template.php(690): require()
#1 /Applications/MAMP/htdocs/wordpress/wp-includes/template.php(647): load_template('/Applications/M...', false)
#2 /Applications/MAMP/htdocs/wordpress/wp-includes/general-template.php(155): locate_template(Array, true, false)
#3 /Applications/MAMP/htdocs/wordpress/wp-content/themes/amorlibre/header.php(28): get_template_part('template-parts/...', 'title')
#4 /Applications/MAMP/htdocs/wordpress/wp-includes/template.php(688): require_once('/Applications/M...')
#5 /Applications/MAMP/htdocs/wordpress/wp-includes/template.php(647): load_template('/Applications/M...', true)
#6 /Applications/MAMP/htdocs/wordpress/wp-includes/general-template.php(41): locate_template(Array, true)
#7 /Applications/MAMP/htdocs/wordpress/wp-content/themes/amorlibre/404.php(11): get

2018-05-04T08:47:47+00:00 CRITICAL Uncaught Error: Call to undefined function is_frontpage() in /Applications/MAMP/htdocs/wordpress/wp-content/themes/amorlibre/template-parts/page/content-title.php:14
Stack trace:
#0 /Applications/MAMP/htdocs/wordpress/wp-includes/template.php(690): require()
#1 /Applications/MAMP/htdocs/wordpress/wp-includes/template.php(647): load_template('/Applications/M...', false)
#2 /Applications/MAMP/htdocs/wordpress/wp-includes/general-template.php(155): locate_template(Array, true, false)
#3 /Applications/MAMP/htdocs/wordpress/wp-content/themes/amorlibre/header.php(28): get_template_part('template-parts/...', 'title')
#4 /Applications/MAMP/htdocs/wordpress/wp-includes/template.php(688): require_once('/Applications/M...')
#5 /Applications/MAMP/htdocs/wordpress/wp-includes/template.php(647): load_template('/Applications/M...', true)
#6 /Applications/MAMP/htdocs/wordpress/wp-includes/general-template.php(41): locate_template(Array, true)
#7 /Applications/MAMP/htdocs/wordpress/wp-content/themes/amorlibre/page.php(8): get

2018-05-04T08:47:48+00:00 CRITICAL Uncaught Error: Call to undefined function is_frontpage() in /Applications/MAMP/htdocs/wordpress/wp-content/themes/amorlibre/template-parts/page/content-title.php:14
Stack trace:
#0 /Applications/MAMP/htdocs/wordpress/wp-includes/template.php(690): require()
#1 /Applications/MAMP/htdocs/wordpress/wp-includes/template.php(647): load_template('/Applications/M...', false)
#2 /Applications/MAMP/htdocs/wordpress/wp-includes/general-template.php(155): locate_template(Array, true, false)
#3 /Applications/MAMP/htdocs/wordpress/wp-content/themes/amorlibre/header.php(28): get_template_part('template-parts/...', 'title')
#4 /Applications/MAMP/htdocs/wordpress/wp-includes/template.php(688): require_once('/Applications/M...')
#5 /Applications/MAMP/htdocs/wordpress/wp-includes/template.php(647): load_template('/Applications/M...', true)
#6 /Applications/MAMP/htdocs/wordpress/wp-includes/general-template.php(41): locate_template(Array, true)
#7 /Applications/MAMP/htdocs/wordpress/wp-content/themes/amorlibre/404.php(11): get

