06-05-2018 @ 06:59:01 - 
====Stripe Version: 4.1.6====
====Start Log====
Keys are not set correctly.
====End Log====


06-05-2018 @ 07:03:59 - 
====Stripe Version: 4.1.6====
====Start Log====
Keys are not set correctly.
====End Log====


06-05-2018 @ 07:04:19 - 
====Stripe Version: 4.1.6====
====Start Log====
Keys are not set correctly.
====End Log====


06-05-2018 @ 07:05:13 - 
====Stripe Version: 4.1.6====
====Start Log====
Keys are not set correctly.
====End Log====


06-05-2018 @ 07:05:28 - 
====Stripe Version: 4.1.6====
====Start Log====
Keys are not set correctly.
====End Log====


06-05-2018 @ 07:06:09 - 
====Stripe Version: 4.1.6====
====Start Log====
Keys are not set correctly.
====End Log====


06-05-2018 @ 07:06:22 - 
====Stripe Version: 4.1.6====
====Start Log====
Keys are not set correctly.
====End Log====


06-05-2018 @ 07:11:44 - 
====Stripe Version: 4.1.6====
====Start Log====
Keys are not set correctly.
====End Log====


06-05-2018 @ 07:19:54 - 
====Stripe Version: 4.1.6====
====Start Log====
Keys are not set correctly.
====End Log====


06-05-2018 @ 07:20:06 - 
====Stripe Version: 4.1.6====
====Start Log====
Keys are not set correctly.
====End Log====


06-05-2018 @ 07:23:55 - 
====Stripe Version: 4.1.6====
====Start Log====
Keys are not set correctly.
====End Log====


06-05-2018 @ 07:26:12 - 
====Stripe Version: 4.1.6====
====Start Log====
Keys are not set correctly.
====End Log====


06-05-2018 @ 07:47:27 - 
====Stripe Version: 4.1.6====
====Start Log====
Keys are not set correctly.
====End Log====


06-05-2018 @ 07:50:17 - 
====Stripe Version: 4.1.6====
====Start Log====
Keys are not set correctly.
====End Log====


06-05-2018 @ 07:54:01 - 
====Stripe Version: 4.1.6====
====Start Log====
Keys are not set correctly.
====End Log====


