05-03-2018 @ 14:12:00 - 
====Stripe Version: 4.1.2====
====Start Log====
Keys are not set correctly.
====End Log====


05-03-2018 @ 14:12:23 - 
====Stripe Version: 4.1.2====
====Start Log====
Keys are not set correctly.
====End Log====


05-04-2018 @ 08:29:24 - 
====Stripe Version: 4.1.2====
====Start Log====
Keys are not set correctly.
====End Log====


05-06-2018 @ 12:55:04 - 
====Stripe Version: 4.1.2====
====Start Log====
Keys are not set correctly.
====End Log====


05-06-2018 @ 17:20:38 - 
====Stripe Version: 4.1.2====
====Start Log====
Keys are not set correctly.
====End Log====


05-06-2018 @ 17:22:42 - 
====Stripe Version: 4.1.2====
====Start Log====
Keys are not set correctly.
====End Log====


05-06-2018 @ 17:26:09 - 
====Stripe Version: 4.1.2====
====Start Log====
Keys are not set correctly.
====End Log====


05-06-2018 @ 17:27:21 - 
====Stripe Version: 4.1.2====
====Start Log====
Keys are not set correctly.
====End Log====


05-06-2018 @ 17:30:50 - 
====Stripe Version: 4.1.2====
====Start Log====
Keys are not set correctly.
====End Log====


05-06-2018 @ 17:33:31 - 
====Stripe Version: 4.1.2====
====Start Log====
Keys are not set correctly.
====End Log====


05-06-2018 @ 17:33:55 - 
====Stripe Version: 4.1.2====
====Start Log====
Keys are not set correctly.
====End Log====


05-06-2018 @ 17:34:08 - 
====Stripe Version: 4.1.2====
====Start Log====
Keys are not set correctly.
====End Log====


05-06-2018 @ 17:35:31 - 
====Stripe Version: 4.1.2====
====Start Log====
Keys are not set correctly.
====End Log====


05-06-2018 @ 17:35:44 - 
====Stripe Version: 4.1.2====
====Start Log====
Keys are not set correctly.
====End Log====


05-06-2018 @ 17:35:46 - 
====Stripe Version: 4.1.2====
====Start Log====
Keys are not set correctly.
====End Log====


