06-14-2018 @ 07:17:17 - 
====Stripe Version: 4.1.6====
====Start Log====
Keys are not set correctly.
====End Log====


06-14-2018 @ 07:25:15 - 
====Stripe Version: 4.1.6====
====Start Log====
Keys are not set correctly.
====End Log====


06-14-2018 @ 07:26:49 - 
====Stripe Version: 4.1.6====
====Start Log====
Keys are not set correctly.
====End Log====


06-14-2018 @ 07:26:55 - 
====Stripe Version: 4.1.6====
====Start Log====
Keys are not set correctly.
====End Log====


06-14-2018 @ 07:27:41 - 
====Stripe Version: 4.1.6====
====Start Log====
Keys are not set correctly.
====End Log====


06-14-2018 @ 07:27:53 - 
====Stripe Version: 4.1.6====
====Start Log====
Keys are not set correctly.
====End Log====


06-14-2018 @ 07:28:42 - 
====Stripe Version: 4.1.6====
====Start Log====
Keys are not set correctly.
====End Log====


06-14-2018 @ 07:29:03 - 
====Stripe Version: 4.1.6====
====Start Log====
Keys are not set correctly.
====End Log====


06-14-2018 @ 07:29:22 - 
====Stripe Version: 4.1.6====
====Start Log====
Keys are not set correctly.
====End Log====


06-14-2018 @ 07:40:54 - 
====Stripe Version: 4.1.6====
====Start Log====
Keys are not set correctly.
====End Log====


06-14-2018 @ 07:42:19 - 
====Stripe Version: 4.1.6====
====Start Log====
Keys are not set correctly.
====End Log====


06-14-2018 @ 07:42:50 - 
====Stripe Version: 4.1.6====
====Start Log====
Keys are not set correctly.
====End Log====


06-14-2018 @ 08:40:30 - 
====Stripe Version: 4.1.6====
====Start Log====
Keys are not set correctly.
====End Log====


06-14-2018 @ 08:40:43 - 
====Stripe Version: 4.1.6====
====Start Log====
Keys are not set correctly.
====End Log====


06-14-2018 @ 08:42:30 - 
====Stripe Version: 4.1.6====
====Start Log====
Keys are not set correctly.
====End Log====


06-14-2018 @ 08:49:13 - 
====Stripe Version: 4.1.6====
====Start Log====
Keys are not set correctly.
====End Log====


06-14-2018 @ 09:17:13 - 
====Stripe Version: 4.1.6====
====Start Log====
Keys are not set correctly.
====End Log====


